12-Feb-2020 13:41:40.418 INFO [main] org.apache.catalina.core.ApplicationContext.log ContextListener: contextInitialized()
12-Feb-2020 13:41:40.418 INFO [main] org.apache.catalina.core.ApplicationContext.log SessionListener: contextInitialized()
12-Feb-2020 13:41:40.420 INFO [main] org.apache.catalina.core.ApplicationContext.log ContextListener: attributeAdded('StockTicker', 'async.Stockticker@3918c187')
12-Feb-2020 13:46:35.060 INFO [http-nio-9999-exec-1] org.apache.catalina.core.ApplicationContext.log SessionListener: sessionCreated('6460BDD67501F5941909890AC80BB0CE')
12-Feb-2020 13:48:51.139 INFO [Thread-3] org.apache.catalina.core.ApplicationContext.log SessionListener: contextDestroyed()
12-Feb-2020 13:48:51.139 INFO [Thread-3] org.apache.catalina.core.ApplicationContext.log ContextListener: contextDestroyed()
12-Feb-2020 13:52:51.868 INFO [main] org.apache.catalina.core.ApplicationContext.log ContextListener: contextInitialized()
12-Feb-2020 13:52:51.868 INFO [main] org.apache.catalina.core.ApplicationContext.log SessionListener: contextInitialized()
12-Feb-2020 13:52:51.870 INFO [main] org.apache.catalina.core.ApplicationContext.log ContextListener: attributeAdded('StockTicker', 'async.Stockticker@3b956878')
12-Feb-2020 14:03:03.126 INFO [Thread-3] org.apache.catalina.core.ApplicationContext.log SessionListener: contextDestroyed()
12-Feb-2020 14:03:03.127 INFO [Thread-3] org.apache.catalina.core.ApplicationContext.log ContextListener: contextDestroyed()
12-Feb-2020 14:03:07.815 INFO [main] org.apache.catalina.core.ApplicationContext.log ContextListener: contextInitialized()
12-Feb-2020 14:03:07.816 INFO [main] org.apache.catalina.core.ApplicationContext.log SessionListener: contextInitialized()
12-Feb-2020 14:03:07.817 INFO [main] org.apache.catalina.core.ApplicationContext.log ContextListener: attributeAdded('StockTicker', 'async.Stockticker@13c3c1e1')
12-Feb-2020 14:26:09.810 INFO [Catalina-utility-2] org.apache.catalina.core.ApplicationContext.log SessionListener: sessionDestroyed('6460BDD67501F5941909890AC80BB0CE')
12-Feb-2020 15:39:51.593 INFO [Thread-3] org.apache.catalina.core.ApplicationContext.log SessionListener: contextDestroyed()
12-Feb-2020 15:39:51.593 INFO [Thread-3] org.apache.catalina.core.ApplicationContext.log ContextListener: contextDestroyed()
12-Feb-2020 16:00:33.681 INFO [main] org.apache.catalina.core.ApplicationContext.log ContextListener: contextInitialized()
12-Feb-2020 16:00:33.682 INFO [main] org.apache.catalina.core.ApplicationContext.log SessionListener: contextInitialized()
12-Feb-2020 16:00:33.684 INFO [main] org.apache.catalina.core.ApplicationContext.log ContextListener: attributeAdded('StockTicker', 'async.Stockticker@295eaa7c')
12-Feb-2020 16:09:04.581 INFO [Thread-3] org.apache.catalina.core.ApplicationContext.log SessionListener: contextDestroyed()
12-Feb-2020 16:09:04.581 INFO [Thread-3] org.apache.catalina.core.ApplicationContext.log ContextListener: contextDestroyed()
12-Feb-2020 16:09:09.187 INFO [main] org.apache.catalina.core.ApplicationContext.log ContextListener: contextInitialized()
12-Feb-2020 16:09:09.187 INFO [main] org.apache.catalina.core.ApplicationContext.log SessionListener: contextInitialized()
12-Feb-2020 16:09:09.189 INFO [main] org.apache.catalina.core.ApplicationContext.log ContextListener: attributeAdded('StockTicker', 'async.Stockticker@36790bec')
